<?xml version="1.0" encoding="UTF-8"?>
<robot generator="Robot 6.1.1 (Python 3.11.3 on win32)" generated="20231102 19:40:26.991" rpa="false" schemaversion="4">
<suite id="s1" name="Testes Gherkin" source="C:\Users\joaok\OneDrive\Curso-de-robot\Teste_Page_melhor_envio\tests\testes_gherkin.robot">
<test id="s1-t1" name="Caso Teste 01 - Deve fazer login no site melhorenvio.com.br" line="11">
<kw name="Abrir o navegador" library="melhor_envio_resources" type="SETUP">
<kw name="Open Browser" library="SeleniumLibrary">
<arg>browser=${BROWSER}</arg>
<doc>Opens a new browser instance to the optional ``url``.</doc>
<msg timestamp="20231102 19:40:27.220" level="INFO">Opening browser 'chrome' to base url 'None'.</msg>
<status status="PASS" starttime="20231102 19:40:27.220" endtime="20231102 19:40:28.651"/>
</kw>
<kw name="Maximize Browser Window" library="SeleniumLibrary">
<doc>Maximizes current browser window.</doc>
<status status="PASS" starttime="20231102 19:40:28.651" endtime="20231102 19:40:28.776"/>
</kw>
<status status="PASS" starttime="20231102 19:40:27.219" endtime="20231102 19:40:28.776"/>
</kw>
<kw name="Dado que estou na home page do site melhorenvio.com" library="testes_resources_gherkin">
<kw name="Acessar a home page do site Melhorenvio.com.br" library="melhor_envio_resources">
<kw name="Go To" library="SeleniumLibrary">
<arg>url=${URL}</arg>
<doc>Navigates the current browser window to the provided ``url``.</doc>
<msg timestamp="20231102 19:40:28.778" level="INFO">Opening url 'https://melhorenvio.com.br/'</msg>
<status status="PASS" starttime="20231102 19:40:28.777" endtime="20231102 19:40:30.446"/>
</kw>
<status status="PASS" starttime="20231102 19:40:28.777" endtime="20231102 19:40:30.446"/>
</kw>
<kw name="verificar se aparecer o botao &quot;Cadastre-se grátis&quot;" library="melhor_envio_resources" sourcename="verificar se aparecer o botao &quot;${CADASTRE_SE_GRATIS}&quot;">
<kw name="Wait Until Element Is Visible" library="SeleniumLibrary">
<arg>locator=(//a[@href='/cadastre-se'][contains(.,'${CADASTRE_SE_GRATIS}')])[1]</arg>
<doc>Waits until the element ``locator`` is visible.</doc>
<status status="PASS" starttime="20231102 19:40:30.447" endtime="20231102 19:40:30.468"/>
</kw>
<kw name="Sleep" library="BuiltIn">
<arg>3</arg>
<doc>Pauses the test executed for the given time.</doc>
<msg timestamp="20231102 19:40:33.469" level="INFO">Slept 3 seconds</msg>
<status status="PASS" starttime="20231102 19:40:30.468" endtime="20231102 19:40:33.469"/>
</kw>
<status status="PASS" starttime="20231102 19:40:30.446" endtime="20231102 19:40:33.469"/>
</kw>
<kw name="Verificar se o titulo da página fica &quot;Melhor Envio | Economize na gestão de fretes&quot;" library="melhor_envio_resources" sourcename="Verificar se o titulo da página fica &quot;${TITULO}&quot;">
<kw name="Title Should Be" library="SeleniumLibrary">
<arg>title=${TITULO}</arg>
<doc>Verifies that the current page title equals ``title``.</doc>
<msg timestamp="20231102 19:40:33.475" level="INFO">Page title is 'Melhor Envio | Economize na gestão de fretes'.</msg>
<status status="PASS" starttime="20231102 19:40:33.469" endtime="20231102 19:40:33.475"/>
</kw>
<status status="PASS" starttime="20231102 19:40:33.469" endtime="20231102 19:40:33.475"/>
</kw>
<status status="PASS" starttime="20231102 19:40:28.777" endtime="20231102 19:40:33.475"/>
</kw>
<kw name="Quando aceitar os &quot;cookies&quot; deve aparecer a tela home normal" library="testes_resources_gherkin">
<kw name="Aceitar os termos de política" library="melhor_envio_resources">
<kw name="Set Variable" library="BuiltIn">
<var>${button_accept}</var>
<arg>//button[@data-cookiefirst-action="accept"]</arg>
<doc>Returns the given values which can then be assigned to a variables.</doc>
<msg timestamp="20231102 19:40:33.476" level="INFO">${button_accept} = //button[@data-cookiefirst-action="accept"]</msg>
<status status="PASS" starttime="20231102 19:40:33.476" endtime="20231102 19:40:33.476"/>
</kw>
<kw name="Wait Until Element Is Visible" library="SeleniumLibrary">
<arg>xpath=${button_accept}</arg>
<doc>Waits until the element ``locator`` is visible.</doc>
<status status="PASS" starttime="20231102 19:40:33.476" endtime="20231102 19:40:33.497"/>
</kw>
<kw name="Click Element" library="SeleniumLibrary">
<arg>locator=${button_accept}</arg>
<doc>Click the element identified by ``locator``.</doc>
<msg timestamp="20231102 19:40:33.497" level="INFO">Clicking element '//button[@data-cookiefirst-action="accept"]'.</msg>
<status status="PASS" starttime="20231102 19:40:33.497" endtime="20231102 19:40:33.545"/>
</kw>
<kw name="Wait Until Element Is Not Visible" library="SeleniumLibrary">
<arg>locator=${button_accept}</arg>
<doc>Waits until the element ``locator`` is not visible.</doc>
<status status="PASS" starttime="20231102 19:40:33.546" endtime="20231102 19:40:34.762"/>
</kw>
<kw name="Sleep" library="BuiltIn">
<arg>3</arg>
<doc>Pauses the test executed for the given time.</doc>
<msg timestamp="20231102 19:40:37.763" level="INFO">Slept 3 seconds</msg>
<status status="PASS" starttime="20231102 19:40:34.762" endtime="20231102 19:40:37.763"/>
</kw>
<status status="PASS" starttime="20231102 19:40:33.476" endtime="20231102 19:40:37.763"/>
</kw>
<status status="PASS" starttime="20231102 19:40:33.476" endtime="20231102 19:40:37.763"/>
</kw>
<kw name="Então verifico se a frase &quot;Calculadora de fretes&quot; está visivel" library="testes_resources_gherkin">
<kw name="Verificar se a frase &quot;Calculadora de fretes&quot; esta visivel" library="melhor_envio_resources" sourcename="Verificar se a frase &quot;${FRASE}&quot; esta visivel">
<kw name="Wait Until Element Is Visible" library="SeleniumLibrary">
<arg>locator=//h2[@class='text--big text-color--primary'][contains(.,'${FRASE}')]</arg>
<doc>Waits until the element ``locator`` is visible.</doc>
<status status="PASS" starttime="20231102 19:40:37.764" endtime="20231102 19:40:37.782"/>
</kw>
<status status="PASS" starttime="20231102 19:40:37.764" endtime="20231102 19:40:37.782"/>
</kw>
<status status="PASS" starttime="20231102 19:40:37.763" endtime="20231102 19:40:37.782"/>
</kw>
<kw name="Fechar navegador" library="melhor_envio_resources" type="TEARDOWN">
<kw name="Capture Page Screenshot" library="SeleniumLibrary">
<doc>Takes a screenshot of the current page and embeds it into a log file.</doc>
<msg timestamp="20231102 19:40:37.965" level="INFO" html="true">&lt;/td&gt;&lt;/tr&gt;&lt;tr&gt;&lt;td colspan="3"&gt;&lt;a href="selenium-screenshot-4.png"&gt;&lt;img src="selenium-screenshot-4.png" width="800px"&gt;&lt;/a&gt;</msg>
<status status="PASS" starttime="20231102 19:40:37.783" endtime="20231102 19:40:37.965"/>
</kw>
<kw name="Close Browser" library="SeleniumLibrary">
<doc>Closes the current browser.</doc>
<status status="PASS" starttime="20231102 19:40:37.965" endtime="20231102 19:40:40.179"/>
</kw>
<status status="PASS" starttime="20231102 19:40:37.782" endtime="20231102 19:40:40.179"/>
</kw>
<status status="PASS" starttime="20231102 19:40:27.219" endtime="20231102 19:40:40.179"/>
</test>
<test id="s1-t2" name="Caso Teste 02 - Deve preecher os dados para calcular o frete" line="17">
<kw name="Abrir o navegador" library="melhor_envio_resources" type="SETUP">
<kw name="Open Browser" library="SeleniumLibrary">
<arg>browser=${BROWSER}</arg>
<doc>Opens a new browser instance to the optional ``url``.</doc>
<msg timestamp="20231102 19:40:40.182" level="INFO">Opening browser 'chrome' to base url 'None'.</msg>
<status status="PASS" starttime="20231102 19:40:40.182" endtime="20231102 19:40:41.605"/>
</kw>
<kw name="Maximize Browser Window" library="SeleniumLibrary">
<doc>Maximizes current browser window.</doc>
<status status="PASS" starttime="20231102 19:40:41.606" endtime="20231102 19:40:41.720"/>
</kw>
<status status="PASS" starttime="20231102 19:40:40.182" endtime="20231102 19:40:41.720"/>
</kw>
<kw name="Dado que estou na home page do site melhorenvio.com" library="testes_resources_gherkin">
<kw name="Acessar a home page do site Melhorenvio.com.br" library="melhor_envio_resources">
<kw name="Go To" library="SeleniumLibrary">
<arg>url=${URL}</arg>
<doc>Navigates the current browser window to the provided ``url``.</doc>
<msg timestamp="20231102 19:40:41.721" level="INFO">Opening url 'https://melhorenvio.com.br/'</msg>
<status status="PASS" starttime="20231102 19:40:41.721" endtime="20231102 19:40:43.309"/>
</kw>
<status status="PASS" starttime="20231102 19:40:41.721" endtime="20231102 19:40:43.310"/>
</kw>
<kw name="verificar se aparecer o botao &quot;Cadastre-se grátis&quot;" library="melhor_envio_resources" sourcename="verificar se aparecer o botao &quot;${CADASTRE_SE_GRATIS}&quot;">
<kw name="Wait Until Element Is Visible" library="SeleniumLibrary">
<arg>locator=(//a[@href='/cadastre-se'][contains(.,'${CADASTRE_SE_GRATIS}')])[1]</arg>
<doc>Waits until the element ``locator`` is visible.</doc>
<status status="PASS" starttime="20231102 19:40:43.310" endtime="20231102 19:40:43.332"/>
</kw>
<kw name="Sleep" library="BuiltIn">
<arg>3</arg>
<doc>Pauses the test executed for the given time.</doc>
<msg timestamp="20231102 19:40:46.333" level="INFO">Slept 3 seconds</msg>
<status status="PASS" starttime="20231102 19:40:43.332" endtime="20231102 19:40:46.333"/>
</kw>
<status status="PASS" starttime="20231102 19:40:43.310" endtime="20231102 19:40:46.333"/>
</kw>
<kw name="Verificar se o titulo da página fica &quot;Melhor Envio | Economize na gestão de fretes&quot;" library="melhor_envio_resources" sourcename="Verificar se o titulo da página fica &quot;${TITULO}&quot;">
<kw name="Title Should Be" library="SeleniumLibrary">
<arg>title=${TITULO}</arg>
<doc>Verifies that the current page title equals ``title``.</doc>
<msg timestamp="20231102 19:40:46.340" level="INFO">Page title is 'Melhor Envio | Economize na gestão de fretes'.</msg>
<status status="PASS" starttime="20231102 19:40:46.334" endtime="20231102 19:40:46.340"/>
</kw>
<status status="PASS" starttime="20231102 19:40:46.333" endtime="20231102 19:40:46.340"/>
</kw>
<status status="PASS" starttime="20231102 19:40:41.720" endtime="20231102 19:40:46.340"/>
</kw>
<kw name="Quando aceitar os &quot;cookies&quot; deve aparecer a tela home normal" library="testes_resources_gherkin">
<kw name="Aceitar os termos de política" library="melhor_envio_resources">
<kw name="Set Variable" library="BuiltIn">
<var>${button_accept}</var>
<arg>//button[@data-cookiefirst-action="accept"]</arg>
<doc>Returns the given values which can then be assigned to a variables.</doc>
<msg timestamp="20231102 19:40:46.341" level="INFO">${button_accept} = //button[@data-cookiefirst-action="accept"]</msg>
<status status="PASS" starttime="20231102 19:40:46.341" endtime="20231102 19:40:46.341"/>
</kw>
<kw name="Wait Until Element Is Visible" library="SeleniumLibrary">
<arg>xpath=${button_accept}</arg>
<doc>Waits until the element ``locator`` is visible.</doc>
<status status="PASS" starttime="20231102 19:40:46.341" endtime="20231102 19:40:46.360"/>
</kw>
<kw name="Click Element" library="SeleniumLibrary">
<arg>locator=${button_accept}</arg>
<doc>Click the element identified by ``locator``.</doc>
<msg timestamp="20231102 19:40:46.360" level="INFO">Clicking element '//button[@data-cookiefirst-action="accept"]'.</msg>
<status status="PASS" starttime="20231102 19:40:46.360" endtime="20231102 19:40:46.399"/>
</kw>
<kw name="Wait Until Element Is Not Visible" library="SeleniumLibrary">
<arg>locator=${button_accept}</arg>
<doc>Waits until the element ``locator`` is not visible.</doc>
<status status="PASS" starttime="20231102 19:40:46.400" endtime="20231102 19:40:47.495"/>
</kw>
<kw name="Sleep" library="BuiltIn">
<arg>3</arg>
<doc>Pauses the test executed for the given time.</doc>
<msg timestamp="20231102 19:40:50.496" level="INFO">Slept 3 seconds</msg>
<status status="PASS" starttime="20231102 19:40:47.495" endtime="20231102 19:40:50.496"/>
</kw>
<status status="PASS" starttime="20231102 19:40:46.341" endtime="20231102 19:40:50.496"/>
</kw>
<status status="PASS" starttime="20231102 19:40:46.340" endtime="20231102 19:40:50.496"/>
</kw>
<kw name="Então verifico se a frase &quot;Calculadora de fretes&quot; está visivel" library="testes_resources_gherkin">
<kw name="Verificar se a frase &quot;Calculadora de fretes&quot; esta visivel" library="melhor_envio_resources" sourcename="Verificar se a frase &quot;${FRASE}&quot; esta visivel">
<kw name="Wait Until Element Is Visible" library="SeleniumLibrary">
<arg>locator=//h2[@class='text--big text-color--primary'][contains(.,'${FRASE}')]</arg>
<doc>Waits until the element ``locator`` is visible.</doc>
<status status="PASS" starttime="20231102 19:40:50.496" endtime="20231102 19:40:50.514"/>
</kw>
<status status="PASS" starttime="20231102 19:40:50.496" endtime="20231102 19:40:50.514"/>
</kw>
<status status="PASS" starttime="20231102 19:40:50.496" endtime="20231102 19:40:50.514"/>
</kw>
<kw name="E preecho o &quot;CEP De Origem&quot; e o &quot;CEP De Destino&quot;" library="testes_resources_gherkin">
<kw name="Clicar no campo de &quot;CEP de origem&quot;" library="melhor_envio_resources" sourcename="Clicar no campo de &quot;${CAMPO_CEP_DE_ORIGEM}&quot;">
<kw name="Click Element" library="SeleniumLibrary">
<arg>locator=//label[@for='from'][contains(.,'${CAMPO_CEP_DE_ORIGEM}')]</arg>
<doc>Click the element identified by ``locator``.</doc>
<msg timestamp="20231102 19:40:50.515" level="INFO">Clicking element '//label[@for='from'][contains(.,'CEP de origem')]'.</msg>
<status status="PASS" starttime="20231102 19:40:50.514" endtime="20231102 19:40:50.580"/>
</kw>
<status status="PASS" starttime="20231102 19:40:50.514" endtime="20231102 19:40:50.580"/>
</kw>
<kw name="escrever o Cep de origem" library="melhor_envio_resources">
<kw name="Input Text" library="SeleniumLibrary">
<arg>locator=from</arg>
<arg>text=${CEP_DE_ORIGEM}</arg>
<doc>Types the given ``text`` into the text field identified by ``locator``.</doc>
<msg timestamp="20231102 19:40:50.581" level="INFO">Typing text '01153000' into text field 'from'.</msg>
<status status="PASS" starttime="20231102 19:40:50.581" endtime="20231102 19:40:50.683"/>
</kw>
<status status="PASS" starttime="20231102 19:40:50.580" endtime="20231102 19:40:50.684"/>
</kw>
<kw name="Clicar no campo &quot;CEP de destino&quot;" library="melhor_envio_resources" sourcename="Clicar no campo &quot;${CAMPO_DE_DESTINO}&quot;">
<kw name="Click Element" library="SeleniumLibrary">
<arg>locator=//label[@for='to'][contains(.,'${CAMPO_DE_DESTINO}')]</arg>
<doc>Click the element identified by ``locator``.</doc>
<msg timestamp="20231102 19:40:50.684" level="INFO">Clicking element '//label[@for='to'][contains(.,'CEP de destino')]'.</msg>
<status status="PASS" starttime="20231102 19:40:50.684" endtime="20231102 19:40:50.771"/>
</kw>
<status status="PASS" starttime="20231102 19:40:50.684" endtime="20231102 19:40:50.771"/>
</kw>
<kw name="Escrever o Cep de destino" library="melhor_envio_resources">
<kw name="Input Text" library="SeleniumLibrary">
<arg>locator=to</arg>
<arg>text=${CEP_DE_DESTINO}</arg>
<doc>Types the given ``text`` into the text field identified by ``locator``.</doc>
<msg timestamp="20231102 19:40:50.772" level="INFO">Typing text '69037591' into text field 'to'.</msg>
<status status="PASS" starttime="20231102 19:40:50.772" endtime="20231102 19:40:50.854"/>
</kw>
<status status="PASS" starttime="20231102 19:40:50.772" endtime="20231102 19:40:50.854"/>
</kw>
<status status="PASS" starttime="20231102 19:40:50.514" endtime="20231102 19:40:50.854"/>
</kw>
<kw name="E preecho o valor da carga" library="testes_resources_gherkin">
<kw name="Escrever o Valor da carga R$100,00" library="melhor_envio_resources">
<kw name="Click Element" library="SeleniumLibrary">
<arg>locator=${CAMPO_VALOR_DA_CARGA}</arg>
<doc>Click the element identified by ``locator``.</doc>
<msg timestamp="20231102 19:40:50.855" level="INFO">Clicking element '//label[@for='insuranceValue'][contains(.,'Valor da carga')]'.</msg>
<status status="PASS" starttime="20231102 19:40:50.854" endtime="20231102 19:40:50.916"/>
</kw>
<kw name="Input Text" library="SeleniumLibrary">
<arg>locator=insuranceValue</arg>
<arg>text=100,00</arg>
<doc>Types the given ``text`` into the text field identified by ``locator``.</doc>
<msg timestamp="20231102 19:40:50.916" level="INFO">Typing text '100,00' into text field 'insuranceValue'.</msg>
<status status="PASS" starttime="20231102 19:40:50.916" endtime="20231102 19:40:50.998"/>
</kw>
<status status="PASS" starttime="20231102 19:40:50.854" endtime="20231102 19:40:50.998"/>
</kw>
<status status="PASS" starttime="20231102 19:40:50.854" endtime="20231102 19:40:50.998"/>
</kw>
<kw name="Fechar navegador" library="melhor_envio_resources" type="TEARDOWN">
<kw name="Capture Page Screenshot" library="SeleniumLibrary">
<doc>Takes a screenshot of the current page and embeds it into a log file.</doc>
<msg timestamp="20231102 19:40:51.231" level="INFO" html="true">&lt;/td&gt;&lt;/tr&gt;&lt;tr&gt;&lt;td colspan="3"&gt;&lt;a href="selenium-screenshot-5.png"&gt;&lt;img src="selenium-screenshot-5.png" width="800px"&gt;&lt;/a&gt;</msg>
<status status="PASS" starttime="20231102 19:40:50.999" endtime="20231102 19:40:51.231"/>
</kw>
<kw name="Close Browser" library="SeleniumLibrary">
<doc>Closes the current browser.</doc>
<status status="PASS" starttime="20231102 19:40:51.231" endtime="20231102 19:40:53.443"/>
</kw>
<status status="PASS" starttime="20231102 19:40:50.998" endtime="20231102 19:40:53.443"/>
</kw>
<status status="PASS" starttime="20231102 19:40:40.181" endtime="20231102 19:40:53.444"/>
</test>
<test id="s1-t3" name="Caso Teste 03 - Deve fazer o calculo do frete" line="25">
<kw name="Abrir o navegador" library="melhor_envio_resources" type="SETUP">
<kw name="Open Browser" library="SeleniumLibrary">
<arg>browser=${BROWSER}</arg>
<doc>Opens a new browser instance to the optional ``url``.</doc>
<msg timestamp="20231102 19:40:53.446" level="INFO">Opening browser 'chrome' to base url 'None'.</msg>
<status status="PASS" starttime="20231102 19:40:53.445" endtime="20231102 19:40:54.854"/>
</kw>
<kw name="Maximize Browser Window" library="SeleniumLibrary">
<doc>Maximizes current browser window.</doc>
<status status="PASS" starttime="20231102 19:40:54.854" endtime="20231102 19:40:54.976"/>
</kw>
<status status="PASS" starttime="20231102 19:40:53.445" endtime="20231102 19:40:54.976"/>
</kw>
<kw name="Dado que estou na home page do site melhorenvio.com" library="testes_resources_gherkin">
<kw name="Acessar a home page do site Melhorenvio.com.br" library="melhor_envio_resources">
<kw name="Go To" library="SeleniumLibrary">
<arg>url=${URL}</arg>
<doc>Navigates the current browser window to the provided ``url``.</doc>
<msg timestamp="20231102 19:40:54.978" level="INFO">Opening url 'https://melhorenvio.com.br/'</msg>
<status status="PASS" starttime="20231102 19:40:54.978" endtime="20231102 19:40:56.734"/>
</kw>
<status status="PASS" starttime="20231102 19:40:54.977" endtime="20231102 19:40:56.735"/>
</kw>
<kw name="verificar se aparecer o botao &quot;Cadastre-se grátis&quot;" library="melhor_envio_resources" sourcename="verificar se aparecer o botao &quot;${CADASTRE_SE_GRATIS}&quot;">
<kw name="Wait Until Element Is Visible" library="SeleniumLibrary">
<arg>locator=(//a[@href='/cadastre-se'][contains(.,'${CADASTRE_SE_GRATIS}')])[1]</arg>
<doc>Waits until the element ``locator`` is visible.</doc>
<status status="PASS" starttime="20231102 19:40:56.735" endtime="20231102 19:40:56.759"/>
</kw>
<kw name="Sleep" library="BuiltIn">
<arg>3</arg>
<doc>Pauses the test executed for the given time.</doc>
<msg timestamp="20231102 19:40:59.760" level="INFO">Slept 3 seconds</msg>
<status status="PASS" starttime="20231102 19:40:56.760" endtime="20231102 19:40:59.760"/>
</kw>
<status status="PASS" starttime="20231102 19:40:56.735" endtime="20231102 19:40:59.760"/>
</kw>
<kw name="Verificar se o titulo da página fica &quot;Melhor Envio | Economize na gestão de fretes&quot;" library="melhor_envio_resources" sourcename="Verificar se o titulo da página fica &quot;${TITULO}&quot;">
<kw name="Title Should Be" library="SeleniumLibrary">
<arg>title=${TITULO}</arg>
<doc>Verifies that the current page title equals ``title``.</doc>
<msg timestamp="20231102 19:40:59.767" level="INFO">Page title is 'Melhor Envio | Economize na gestão de fretes'.</msg>
<status status="PASS" starttime="20231102 19:40:59.760" endtime="20231102 19:40:59.767"/>
</kw>
<status status="PASS" starttime="20231102 19:40:59.760" endtime="20231102 19:40:59.767"/>
</kw>
<status status="PASS" starttime="20231102 19:40:54.977" endtime="20231102 19:40:59.767"/>
</kw>
<kw name="Quando aceitar os &quot;cookies&quot; deve aparecer a tela home normal" library="testes_resources_gherkin">
<kw name="Aceitar os termos de política" library="melhor_envio_resources">
<kw name="Set Variable" library="BuiltIn">
<var>${button_accept}</var>
<arg>//button[@data-cookiefirst-action="accept"]</arg>
<doc>Returns the given values which can then be assigned to a variables.</doc>
<msg timestamp="20231102 19:40:59.768" level="INFO">${button_accept} = //button[@data-cookiefirst-action="accept"]</msg>
<status status="PASS" starttime="20231102 19:40:59.768" endtime="20231102 19:40:59.768"/>
</kw>
<kw name="Wait Until Element Is Visible" library="SeleniumLibrary">
<arg>xpath=${button_accept}</arg>
<doc>Waits until the element ``locator`` is visible.</doc>
<status status="PASS" starttime="20231102 19:40:59.768" endtime="20231102 19:40:59.786"/>
</kw>
<kw name="Click Element" library="SeleniumLibrary">
<arg>locator=${button_accept}</arg>
<doc>Click the element identified by ``locator``.</doc>
<msg timestamp="20231102 19:40:59.786" level="INFO">Clicking element '//button[@data-cookiefirst-action="accept"]'.</msg>
<status status="PASS" starttime="20231102 19:40:59.786" endtime="20231102 19:40:59.874"/>
</kw>
<kw name="Wait Until Element Is Not Visible" library="SeleniumLibrary">
<arg>locator=${button_accept}</arg>
<doc>Waits until the element ``locator`` is not visible.</doc>
<status status="PASS" starttime="20231102 19:40:59.874" endtime="20231102 19:41:01.066"/>
</kw>
<kw name="Sleep" library="BuiltIn">
<arg>3</arg>
<doc>Pauses the test executed for the given time.</doc>
<msg timestamp="20231102 19:41:04.066" level="INFO">Slept 3 seconds</msg>
<status status="PASS" starttime="20231102 19:41:01.066" endtime="20231102 19:41:04.066"/>
</kw>
<status status="PASS" starttime="20231102 19:40:59.768" endtime="20231102 19:41:04.066"/>
</kw>
<status status="PASS" starttime="20231102 19:40:59.768" endtime="20231102 19:41:04.066"/>
</kw>
<kw name="Então verifico se a frase &quot;Calculadora de fretes&quot; está visivel" library="testes_resources_gherkin">
<kw name="Verificar se a frase &quot;Calculadora de fretes&quot; esta visivel" library="melhor_envio_resources" sourcename="Verificar se a frase &quot;${FRASE}&quot; esta visivel">
<kw name="Wait Until Element Is Visible" library="SeleniumLibrary">
<arg>locator=//h2[@class='text--big text-color--primary'][contains(.,'${FRASE}')]</arg>
<doc>Waits until the element ``locator`` is visible.</doc>
<status status="PASS" starttime="20231102 19:41:04.067" endtime="20231102 19:41:04.085"/>
</kw>
<status status="PASS" starttime="20231102 19:41:04.066" endtime="20231102 19:41:04.085"/>
</kw>
<status status="PASS" starttime="20231102 19:41:04.066" endtime="20231102 19:41:04.085"/>
</kw>
<kw name="E preecho o &quot;CEP De Origem&quot; e o &quot;CEP De Destino&quot;" library="testes_resources_gherkin">
<kw name="Clicar no campo de &quot;CEP de origem&quot;" library="melhor_envio_resources" sourcename="Clicar no campo de &quot;${CAMPO_CEP_DE_ORIGEM}&quot;">
<kw name="Click Element" library="SeleniumLibrary">
<arg>locator=//label[@for='from'][contains(.,'${CAMPO_CEP_DE_ORIGEM}')]</arg>
<doc>Click the element identified by ``locator``.</doc>
<msg timestamp="20231102 19:41:04.086" level="INFO">Clicking element '//label[@for='from'][contains(.,'CEP de origem')]'.</msg>
<status status="PASS" starttime="20231102 19:41:04.085" endtime="20231102 19:41:04.166"/>
</kw>
<status status="PASS" starttime="20231102 19:41:04.085" endtime="20231102 19:41:04.166"/>
</kw>
<kw name="escrever o Cep de origem" library="melhor_envio_resources">
<kw name="Input Text" library="SeleniumLibrary">
<arg>locator=from</arg>
<arg>text=${CEP_DE_ORIGEM}</arg>
<doc>Types the given ``text`` into the text field identified by ``locator``.</doc>
<msg timestamp="20231102 19:41:04.168" level="INFO">Typing text '01153000' into text field 'from'.</msg>
<status status="PASS" starttime="20231102 19:41:04.168" endtime="20231102 19:41:04.278"/>
</kw>
<status status="PASS" starttime="20231102 19:41:04.166" endtime="20231102 19:41:04.279"/>
</kw>
<kw name="Clicar no campo &quot;CEP de destino&quot;" library="melhor_envio_resources" sourcename="Clicar no campo &quot;${CAMPO_DE_DESTINO}&quot;">
<kw name="Click Element" library="SeleniumLibrary">
<arg>locator=//label[@for='to'][contains(.,'${CAMPO_DE_DESTINO}')]</arg>
<doc>Click the element identified by ``locator``.</doc>
<msg timestamp="20231102 19:41:04.279" level="INFO">Clicking element '//label[@for='to'][contains(.,'CEP de destino')]'.</msg>
<status status="PASS" starttime="20231102 19:41:04.279" endtime="20231102 19:41:04.368"/>
</kw>
<status status="PASS" starttime="20231102 19:41:04.279" endtime="20231102 19:41:04.368"/>
</kw>
<kw name="Escrever o Cep de destino" library="melhor_envio_resources">
<kw name="Input Text" library="SeleniumLibrary">
<arg>locator=to</arg>
<arg>text=${CEP_DE_DESTINO}</arg>
<doc>Types the given ``text`` into the text field identified by ``locator``.</doc>
<msg timestamp="20231102 19:41:04.369" level="INFO">Typing text '69037591' into text field 'to'.</msg>
<status status="PASS" starttime="20231102 19:41:04.368" endtime="20231102 19:41:04.445"/>
</kw>
<status status="PASS" starttime="20231102 19:41:04.368" endtime="20231102 19:41:04.446"/>
</kw>
<status status="PASS" starttime="20231102 19:41:04.085" endtime="20231102 19:41:04.446"/>
</kw>
<kw name="E preecho o valor da carga" library="testes_resources_gherkin">
<kw name="Escrever o Valor da carga R$100,00" library="melhor_envio_resources">
<kw name="Click Element" library="SeleniumLibrary">
<arg>locator=${CAMPO_VALOR_DA_CARGA}</arg>
<doc>Click the element identified by ``locator``.</doc>
<msg timestamp="20231102 19:41:04.447" level="INFO">Clicking element '//label[@for='insuranceValue'][contains(.,'Valor da carga')]'.</msg>
<status status="PASS" starttime="20231102 19:41:04.446" endtime="20231102 19:41:04.501"/>
</kw>
<kw name="Input Text" library="SeleniumLibrary">
<arg>locator=insuranceValue</arg>
<arg>text=100,00</arg>
<doc>Types the given ``text`` into the text field identified by ``locator``.</doc>
<msg timestamp="20231102 19:41:04.501" level="INFO">Typing text '100,00' into text field 'insuranceValue'.</msg>
<status status="PASS" starttime="20231102 19:41:04.501" endtime="20231102 19:41:04.581"/>
</kw>
<status status="PASS" starttime="20231102 19:41:04.446" endtime="20231102 19:41:04.581"/>
</kw>
<status status="PASS" starttime="20231102 19:41:04.446" endtime="20231102 19:41:04.581"/>
</kw>
<kw name="Quando clico no botao &quot;calcular&quot;" library="testes_resources_gherkin">
<kw name="Clicar no Botao Calcular" library="melhor_envio_resources">
<kw name="Wait Until Element Is Visible" library="SeleniumLibrary">
<arg>locator=//button[@type='submit'][contains(.,'Calcular')]</arg>
<doc>Waits until the element ``locator`` is visible.</doc>
<status status="PASS" starttime="20231102 19:41:04.582" endtime="20231102 19:41:04.605"/>
</kw>
<kw name="Click Element" library="SeleniumLibrary">
<arg>locator=//button[@type='submit'][contains(.,'Calcular')]</arg>
<doc>Click the element identified by ``locator``.</doc>
<msg timestamp="20231102 19:41:04.606" level="INFO">Clicking element '//button[@type='submit'][contains(.,'Calcular')]'.</msg>
<status status="PASS" starttime="20231102 19:41:04.605" endtime="20231102 19:41:04.710"/>
</kw>
<status status="PASS" starttime="20231102 19:41:04.582" endtime="20231102 19:41:04.710"/>
</kw>
<status status="PASS" starttime="20231102 19:41:04.582" endtime="20231102 19:41:04.710"/>
</kw>
<kw name="Entao deve concluir e ir para a página &quot;Calculadora de fretes&quot;" library="testes_resources_gherkin">
<kw name="Deverar ir para a página &quot;Calculadora de fretes&quot;" library="melhor_envio_resources" sourcename="Deverar ir para a página &quot;${FRASE}&quot;">
<kw name="Wait Until Page Contains" library="SeleniumLibrary">
<arg>text=${FRASE}</arg>
<doc>Waits until ``text`` appears on the current page.</doc>
<status status="PASS" starttime="20231102 19:41:04.710" endtime="20231102 19:41:04.726"/>
</kw>
<status status="PASS" starttime="20231102 19:41:04.710" endtime="20231102 19:41:04.727"/>
</kw>
<status status="PASS" starttime="20231102 19:41:04.710" endtime="20231102 19:41:04.727"/>
</kw>
<kw name="Fechar navegador" library="melhor_envio_resources" type="TEARDOWN">
<kw name="Capture Page Screenshot" library="SeleniumLibrary">
<doc>Takes a screenshot of the current page and embeds it into a log file.</doc>
<msg timestamp="20231102 19:41:05.028" level="INFO" html="true">&lt;/td&gt;&lt;/tr&gt;&lt;tr&gt;&lt;td colspan="3"&gt;&lt;a href="selenium-screenshot-6.png"&gt;&lt;img src="selenium-screenshot-6.png" width="800px"&gt;&lt;/a&gt;</msg>
<status status="PASS" starttime="20231102 19:41:04.727" endtime="20231102 19:41:05.028"/>
</kw>
<kw name="Close Browser" library="SeleniumLibrary">
<doc>Closes the current browser.</doc>
<status status="PASS" starttime="20231102 19:41:05.028" endtime="20231102 19:41:07.214"/>
</kw>
<status status="PASS" starttime="20231102 19:41:04.727" endtime="20231102 19:41:07.214"/>
</kw>
<status status="PASS" starttime="20231102 19:40:53.445" endtime="20231102 19:41:07.215"/>
</test>
<doc>Essa suide vai testar o preenchimento do site da melhorenvio usando Gherkin</doc>
<status status="PASS" starttime="20231102 19:40:26.993" endtime="20231102 19:41:07.216"/>
</suite>
<statistics>
<total>
<stat pass="3" fail="0" skip="0">All Tests</stat>
</total>
<tag>
</tag>
<suite>
<stat pass="3" fail="0" skip="0" id="s1" name="Testes Gherkin">Testes Gherkin</stat>
</suite>
</statistics>
<errors>
</errors>
</robot>
