<?xml version="1.0" encoding="UTF-8"?>
<robot generator="Robot 6.1.1 (Python 3.11.3 on win32)" generated="20231102 19:46:57.238" rpa="false" schemaversion="4">
<suite id="s1" name="Testes Gherkin" source="C:\Users\joaok\OneDrive\Curso-de-robot\Teste_Page_melhor_envio\tests\testes_gherkin.robot">
<test id="s1-t1" name="Caso Teste 01 - Deve fazer login no site melhorenvio.com.br" line="11">
<kw name="Abrir o navegador" library="melhor_envio_resources" type="SETUP">
<kw name="Open Browser" library="SeleniumLibrary">
<arg>browser=${BROWSER}</arg>
<doc>Opens a new browser instance to the optional ``url``.</doc>
<msg timestamp="20231102 19:46:57.493" level="INFO">Opening browser 'chrome' to base url 'None'.</msg>
<status status="PASS" starttime="20231102 19:46:57.493" endtime="20231102 19:46:58.929"/>
</kw>
<kw name="Maximize Browser Window" library="SeleniumLibrary">
<doc>Maximizes current browser window.</doc>
<status status="PASS" starttime="20231102 19:46:58.929" endtime="20231102 19:46:59.046"/>
</kw>
<status status="PASS" starttime="20231102 19:46:57.493" endtime="20231102 19:46:59.046"/>
</kw>
<kw name="Dado que estou na home page do site melhorenvio.com" library="testes_resources_gherkin">
<kw name="Acessar a home page do site Melhorenvio.com.br" library="melhor_envio_resources">
<kw name="Go To" library="SeleniumLibrary">
<arg>url=${URL}</arg>
<doc>Navigates the current browser window to the provided ``url``.</doc>
<msg timestamp="20231102 19:46:59.046" level="INFO">Opening url 'https://melhorenvio.com.br/'</msg>
<status status="PASS" starttime="20231102 19:46:59.046" endtime="20231102 19:47:00.940"/>
</kw>
<status status="PASS" starttime="20231102 19:46:59.046" endtime="20231102 19:47:00.940"/>
</kw>
<kw name="verificar se aparecer o botao &quot;Cadastre-se grátis&quot;" library="melhor_envio_resources" sourcename="verificar se aparecer o botao &quot;${CADASTRE_SE_GRATIS}&quot;">
<kw name="Wait Until Element Is Visible" library="SeleniumLibrary">
<arg>locator=(//a[@href='/cadastre-se'][contains(.,'${CADASTRE_SE_GRATIS}')])[1]</arg>
<doc>Waits until the element ``locator`` is visible.</doc>
<status status="PASS" starttime="20231102 19:47:00.940" endtime="20231102 19:47:00.970"/>
</kw>
<kw name="Sleep" library="BuiltIn">
<arg>3</arg>
<doc>Pauses the test executed for the given time.</doc>
<msg timestamp="20231102 19:47:03.971" level="INFO">Slept 3 seconds</msg>
<status status="PASS" starttime="20231102 19:47:00.971" endtime="20231102 19:47:03.971"/>
</kw>
<status status="PASS" starttime="20231102 19:47:00.940" endtime="20231102 19:47:03.971"/>
</kw>
<kw name="Verificar se o titulo da página fica &quot;Melhor Envio | Economize na gestão de fretes&quot;" library="melhor_envio_resources" sourcename="Verificar se o titulo da página fica &quot;${TITULO}&quot;">
<kw name="Title Should Be" library="SeleniumLibrary">
<arg>title=${TITULO}</arg>
<doc>Verifies that the current page title equals ``title``.</doc>
<msg timestamp="20231102 19:47:03.977" level="INFO">Page title is 'Melhor Envio | Economize na gestão de fretes'.</msg>
<status status="PASS" starttime="20231102 19:47:03.971" endtime="20231102 19:47:03.977"/>
</kw>
<status status="PASS" starttime="20231102 19:47:03.971" endtime="20231102 19:47:03.977"/>
</kw>
<status status="PASS" starttime="20231102 19:46:59.046" endtime="20231102 19:47:03.977"/>
</kw>
<kw name="Quando aceitar os &quot;cookies&quot; deve aparecer a tela home normal" library="testes_resources_gherkin">
<kw name="Aceitar os termos de política" library="melhor_envio_resources">
<kw name="Set Variable" library="BuiltIn">
<var>${button_accept}</var>
<arg>//button[@data-cookiefirst-action="accept"]</arg>
<doc>Returns the given values which can then be assigned to a variables.</doc>
<msg timestamp="20231102 19:47:03.978" level="INFO">${button_accept} = //button[@data-cookiefirst-action="accept"]</msg>
<status status="PASS" starttime="20231102 19:47:03.978" endtime="20231102 19:47:03.978"/>
</kw>
<kw name="Wait Until Element Is Visible" library="SeleniumLibrary">
<arg>xpath=${button_accept}</arg>
<doc>Waits until the element ``locator`` is visible.</doc>
<status status="PASS" starttime="20231102 19:47:03.978" endtime="20231102 19:47:04.019"/>
</kw>
<kw name="Click Element" library="SeleniumLibrary">
<arg>locator=${button_accept}</arg>
<doc>Click the element identified by ``locator``.</doc>
<msg timestamp="20231102 19:47:04.019" level="INFO">Clicking element '//button[@data-cookiefirst-action="accept"]'.</msg>
<status status="PASS" starttime="20231102 19:47:04.019" endtime="20231102 19:47:04.059"/>
</kw>
<kw name="Wait Until Element Is Not Visible" library="SeleniumLibrary">
<arg>locator=${button_accept}</arg>
<doc>Waits until the element ``locator`` is not visible.</doc>
<status status="PASS" starttime="20231102 19:47:04.060" endtime="20231102 19:47:05.256"/>
</kw>
<kw name="Sleep" library="BuiltIn">
<arg>3</arg>
<doc>Pauses the test executed for the given time.</doc>
<msg timestamp="20231102 19:47:08.256" level="INFO">Slept 3 seconds</msg>
<status status="PASS" starttime="20231102 19:47:05.256" endtime="20231102 19:47:08.256"/>
</kw>
<status status="PASS" starttime="20231102 19:47:03.978" endtime="20231102 19:47:08.256"/>
</kw>
<status status="PASS" starttime="20231102 19:47:03.977" endtime="20231102 19:47:08.256"/>
</kw>
<kw name="Então verifico se a frase &quot;Calculadora de fretes&quot; está visivel" library="testes_resources_gherkin">
<kw name="Verificar se a frase &quot;Calculadora de fretes&quot; esta visivel" library="melhor_envio_resources" sourcename="Verificar se a frase &quot;${FRASE}&quot; esta visivel">
<kw name="Wait Until Element Is Visible" library="SeleniumLibrary">
<arg>locator=//h2[@class='text--big text-color--primary'][contains(.,'${FRASE}')]</arg>
<doc>Waits until the element ``locator`` is visible.</doc>
<status status="PASS" starttime="20231102 19:47:08.256" endtime="20231102 19:47:08.274"/>
</kw>
<status status="PASS" starttime="20231102 19:47:08.256" endtime="20231102 19:47:08.274"/>
</kw>
<status status="PASS" starttime="20231102 19:47:08.256" endtime="20231102 19:47:08.274"/>
</kw>
<kw name="Fechar navegador" library="melhor_envio_resources" type="TEARDOWN">
<kw name="Capture Page Screenshot" library="SeleniumLibrary">
<doc>Takes a screenshot of the current page and embeds it into a log file.</doc>
<msg timestamp="20231102 19:47:08.466" level="INFO" html="true">&lt;/td&gt;&lt;/tr&gt;&lt;tr&gt;&lt;td colspan="3"&gt;&lt;a href="selenium-screenshot-1.png"&gt;&lt;img src="selenium-screenshot-1.png" width="800px"&gt;&lt;/a&gt;</msg>
<status status="PASS" starttime="20231102 19:47:08.274" endtime="20231102 19:47:08.466"/>
</kw>
<kw name="Close Browser" library="SeleniumLibrary">
<doc>Closes the current browser.</doc>
<status status="PASS" starttime="20231102 19:47:08.466" endtime="20231102 19:47:10.605"/>
</kw>
<status status="PASS" starttime="20231102 19:47:08.274" endtime="20231102 19:47:10.605"/>
</kw>
<status status="PASS" starttime="20231102 19:46:57.492" endtime="20231102 19:47:10.605"/>
</test>
<test id="s1-t2" name="Caso Teste 02 - Deve preecher os dados para calcular o frete" line="17">
<kw name="Abrir o navegador" library="melhor_envio_resources" type="SETUP">
<kw name="Open Browser" library="SeleniumLibrary">
<arg>browser=${BROWSER}</arg>
<doc>Opens a new browser instance to the optional ``url``.</doc>
<msg timestamp="20231102 19:47:10.607" level="INFO">Opening browser 'chrome' to base url 'None'.</msg>
<status status="PASS" starttime="20231102 19:47:10.607" endtime="20231102 19:47:12.018"/>
</kw>
<kw name="Maximize Browser Window" library="SeleniumLibrary">
<doc>Maximizes current browser window.</doc>
<status status="PASS" starttime="20231102 19:47:12.019" endtime="20231102 19:47:12.137"/>
</kw>
<status status="PASS" starttime="20231102 19:47:10.607" endtime="20231102 19:47:12.137"/>
</kw>
<kw name="Dado que estou na home page do site melhorenvio.com" library="testes_resources_gherkin">
<kw name="Acessar a home page do site Melhorenvio.com.br" library="melhor_envio_resources">
<kw name="Go To" library="SeleniumLibrary">
<arg>url=${URL}</arg>
<doc>Navigates the current browser window to the provided ``url``.</doc>
<msg timestamp="20231102 19:47:12.138" level="INFO">Opening url 'https://melhorenvio.com.br/'</msg>
<status status="PASS" starttime="20231102 19:47:12.138" endtime="20231102 19:47:13.911"/>
</kw>
<status status="PASS" starttime="20231102 19:47:12.137" endtime="20231102 19:47:13.911"/>
</kw>
<kw name="verificar se aparecer o botao &quot;Cadastre-se grátis&quot;" library="melhor_envio_resources" sourcename="verificar se aparecer o botao &quot;${CADASTRE_SE_GRATIS}&quot;">
<kw name="Wait Until Element Is Visible" library="SeleniumLibrary">
<arg>locator=(//a[@href='/cadastre-se'][contains(.,'${CADASTRE_SE_GRATIS}')])[1]</arg>
<doc>Waits until the element ``locator`` is visible.</doc>
<status status="PASS" starttime="20231102 19:47:13.912" endtime="20231102 19:47:13.934"/>
</kw>
<kw name="Sleep" library="BuiltIn">
<arg>3</arg>
<doc>Pauses the test executed for the given time.</doc>
<msg timestamp="20231102 19:47:16.934" level="INFO">Slept 3 seconds</msg>
<status status="PASS" starttime="20231102 19:47:13.934" endtime="20231102 19:47:16.934"/>
</kw>
<status status="PASS" starttime="20231102 19:47:13.911" endtime="20231102 19:47:16.934"/>
</kw>
<kw name="Verificar se o titulo da página fica &quot;Melhor Envio | Economize na gestão de fretes&quot;" library="melhor_envio_resources" sourcename="Verificar se o titulo da página fica &quot;${TITULO}&quot;">
<kw name="Title Should Be" library="SeleniumLibrary">
<arg>title=${TITULO}</arg>
<doc>Verifies that the current page title equals ``title``.</doc>
<msg timestamp="20231102 19:47:16.942" level="INFO">Page title is 'Melhor Envio | Economize na gestão de fretes'.</msg>
<status status="PASS" starttime="20231102 19:47:16.934" endtime="20231102 19:47:16.942"/>
</kw>
<status status="PASS" starttime="20231102 19:47:16.934" endtime="20231102 19:47:16.942"/>
</kw>
<status status="PASS" starttime="20231102 19:47:12.137" endtime="20231102 19:47:16.942"/>
</kw>
<kw name="Quando aceitar os &quot;cookies&quot; deve aparecer a tela home normal" library="testes_resources_gherkin">
<kw name="Aceitar os termos de política" library="melhor_envio_resources">
<kw name="Set Variable" library="BuiltIn">
<var>${button_accept}</var>
<arg>//button[@data-cookiefirst-action="accept"]</arg>
<doc>Returns the given values which can then be assigned to a variables.</doc>
<msg timestamp="20231102 19:47:16.943" level="INFO">${button_accept} = //button[@data-cookiefirst-action="accept"]</msg>
<status status="PASS" starttime="20231102 19:47:16.943" endtime="20231102 19:47:16.943"/>
</kw>
<kw name="Wait Until Element Is Visible" library="SeleniumLibrary">
<arg>xpath=${button_accept}</arg>
<doc>Waits until the element ``locator`` is visible.</doc>
<status status="PASS" starttime="20231102 19:47:16.943" endtime="20231102 19:47:17.008"/>
</kw>
<kw name="Click Element" library="SeleniumLibrary">
<arg>locator=${button_accept}</arg>
<doc>Click the element identified by ``locator``.</doc>
<msg timestamp="20231102 19:47:17.009" level="INFO">Clicking element '//button[@data-cookiefirst-action="accept"]'.</msg>
<status status="PASS" starttime="20231102 19:47:17.009" endtime="20231102 19:47:17.059"/>
</kw>
<kw name="Wait Until Element Is Not Visible" library="SeleniumLibrary">
<arg>locator=${button_accept}</arg>
<doc>Waits until the element ``locator`` is not visible.</doc>
<status status="PASS" starttime="20231102 19:47:17.059" endtime="20231102 19:47:18.173"/>
</kw>
<kw name="Sleep" library="BuiltIn">
<arg>3</arg>
<doc>Pauses the test executed for the given time.</doc>
<msg timestamp="20231102 19:47:21.173" level="INFO">Slept 3 seconds</msg>
<status status="PASS" starttime="20231102 19:47:18.173" endtime="20231102 19:47:21.173"/>
</kw>
<status status="PASS" starttime="20231102 19:47:16.943" endtime="20231102 19:47:21.173"/>
</kw>
<status status="PASS" starttime="20231102 19:47:16.942" endtime="20231102 19:47:21.173"/>
</kw>
<kw name="Então verifico se a frase &quot;Calculadora de fretes&quot; está visivel" library="testes_resources_gherkin">
<kw name="Verificar se a frase &quot;Calculadora de fretes&quot; esta visivel" library="melhor_envio_resources" sourcename="Verificar se a frase &quot;${FRASE}&quot; esta visivel">
<kw name="Wait Until Element Is Visible" library="SeleniumLibrary">
<arg>locator=//h2[@class='text--big text-color--primary'][contains(.,'${FRASE}')]</arg>
<doc>Waits until the element ``locator`` is visible.</doc>
<status status="PASS" starttime="20231102 19:47:21.173" endtime="20231102 19:47:21.190"/>
</kw>
<status status="PASS" starttime="20231102 19:47:21.173" endtime="20231102 19:47:21.190"/>
</kw>
<status status="PASS" starttime="20231102 19:47:21.173" endtime="20231102 19:47:21.190"/>
</kw>
<kw name="E preecho o &quot;CEP De Origem&quot; e o &quot;CEP De Destino&quot;" library="testes_resources_gherkin">
<kw name="Clicar no campo de &quot;CEP de origem&quot;" library="melhor_envio_resources" sourcename="Clicar no campo de &quot;${CAMPO_CEP_DE_ORIGEM}&quot;">
<kw name="Click Element" library="SeleniumLibrary">
<arg>locator=//label[@for='from'][contains(.,'${CAMPO_CEP_DE_ORIGEM}')]</arg>
<doc>Click the element identified by ``locator``.</doc>
<msg timestamp="20231102 19:47:21.191" level="INFO">Clicking element '//label[@for='from'][contains(.,'CEP de origem')]'.</msg>
<status status="PASS" starttime="20231102 19:47:21.191" endtime="20231102 19:47:21.253"/>
</kw>
<status status="PASS" starttime="20231102 19:47:21.191" endtime="20231102 19:47:21.253"/>
</kw>
<kw name="escrever o Cep de origem" library="melhor_envio_resources">
<kw name="Input Text" library="SeleniumLibrary">
<arg>locator=from</arg>
<arg>text=${CEP_DE_ORIGEM}</arg>
<doc>Types the given ``text`` into the text field identified by ``locator``.</doc>
<msg timestamp="20231102 19:47:21.254" level="INFO">Typing text '01153000' into text field 'from'.</msg>
<status status="PASS" starttime="20231102 19:47:21.254" endtime="20231102 19:47:21.347"/>
</kw>
<status status="PASS" starttime="20231102 19:47:21.253" endtime="20231102 19:47:21.348"/>
</kw>
<kw name="Clicar no campo &quot;CEP de destino&quot;" library="melhor_envio_resources" sourcename="Clicar no campo &quot;${CAMPO_DE_DESTINO}&quot;">
<kw name="Click Element" library="SeleniumLibrary">
<arg>locator=//label[@for='to'][contains(.,'${CAMPO_DE_DESTINO}')]</arg>
<doc>Click the element identified by ``locator``.</doc>
<msg timestamp="20231102 19:47:21.348" level="INFO">Clicking element '//label[@for='to'][contains(.,'CEP de destino')]'.</msg>
<status status="PASS" starttime="20231102 19:47:21.348" endtime="20231102 19:47:21.434"/>
</kw>
<status status="PASS" starttime="20231102 19:47:21.348" endtime="20231102 19:47:21.434"/>
</kw>
<kw name="Escrever o Cep de destino" library="melhor_envio_resources">
<kw name="Input Text" library="SeleniumLibrary">
<arg>locator=to</arg>
<arg>text=${CEP_DE_DESTINO}</arg>
<doc>Types the given ``text`` into the text field identified by ``locator``.</doc>
<msg timestamp="20231102 19:47:21.435" level="INFO">Typing text '69037591' into text field 'to'.</msg>
<status status="PASS" starttime="20231102 19:47:21.435" endtime="20231102 19:47:21.535"/>
</kw>
<status status="PASS" starttime="20231102 19:47:21.434" endtime="20231102 19:47:21.535"/>
</kw>
<status status="PASS" starttime="20231102 19:47:21.191" endtime="20231102 19:47:21.535"/>
</kw>
<kw name="E preecho o valor da carga" library="testes_resources_gherkin">
<kw name="Escrever o Valor da carga R$100,00" library="melhor_envio_resources">
<kw name="Click Element" library="SeleniumLibrary">
<arg>locator=${CAMPO_VALOR_DA_CARGA}</arg>
<doc>Click the element identified by ``locator``.</doc>
<msg timestamp="20231102 19:47:21.536" level="INFO">Clicking element '//label[@for='insuranceValue'][contains(.,'Valor da carga')]'.</msg>
<status status="PASS" starttime="20231102 19:47:21.535" endtime="20231102 19:47:21.592"/>
</kw>
<kw name="Input Text" library="SeleniumLibrary">
<arg>locator=insuranceValue</arg>
<arg>text=100,00</arg>
<doc>Types the given ``text`` into the text field identified by ``locator``.</doc>
<msg timestamp="20231102 19:47:21.592" level="INFO">Typing text '100,00' into text field 'insuranceValue'.</msg>
<status status="PASS" starttime="20231102 19:47:21.592" endtime="20231102 19:47:21.668"/>
</kw>
<status status="PASS" starttime="20231102 19:47:21.535" endtime="20231102 19:47:21.668"/>
</kw>
<status status="PASS" starttime="20231102 19:47:21.535" endtime="20231102 19:47:21.668"/>
</kw>
<kw name="Fechar navegador" library="melhor_envio_resources" type="TEARDOWN">
<kw name="Capture Page Screenshot" library="SeleniumLibrary">
<doc>Takes a screenshot of the current page and embeds it into a log file.</doc>
<msg timestamp="20231102 19:47:21.939" level="INFO" html="true">&lt;/td&gt;&lt;/tr&gt;&lt;tr&gt;&lt;td colspan="3"&gt;&lt;a href="selenium-screenshot-2.png"&gt;&lt;img src="selenium-screenshot-2.png" width="800px"&gt;&lt;/a&gt;</msg>
<status status="PASS" starttime="20231102 19:47:21.668" endtime="20231102 19:47:21.940"/>
</kw>
<kw name="Close Browser" library="SeleniumLibrary">
<doc>Closes the current browser.</doc>
<status status="PASS" starttime="20231102 19:47:21.940" endtime="20231102 19:47:24.070"/>
</kw>
<status status="PASS" starttime="20231102 19:47:21.668" endtime="20231102 19:47:24.070"/>
</kw>
<status status="PASS" starttime="20231102 19:47:10.606" endtime="20231102 19:47:24.070"/>
</test>
<test id="s1-t3" name="Caso Teste 03 - Deve fazer o calculo do frete" line="25">
<kw name="Abrir o navegador" library="melhor_envio_resources" type="SETUP">
<kw name="Open Browser" library="SeleniumLibrary">
<arg>browser=${BROWSER}</arg>
<doc>Opens a new browser instance to the optional ``url``.</doc>
<msg timestamp="20231102 19:47:24.072" level="INFO">Opening browser 'chrome' to base url 'None'.</msg>
<status status="PASS" starttime="20231102 19:47:24.071" endtime="20231102 19:47:25.514"/>
</kw>
<kw name="Maximize Browser Window" library="SeleniumLibrary">
<doc>Maximizes current browser window.</doc>
<status status="PASS" starttime="20231102 19:47:25.514" endtime="20231102 19:47:25.659"/>
</kw>
<status status="PASS" starttime="20231102 19:47:24.071" endtime="20231102 19:47:25.660"/>
</kw>
<kw name="Dado que estou na home page do site melhorenvio.com" library="testes_resources_gherkin">
<kw name="Acessar a home page do site Melhorenvio.com.br" library="melhor_envio_resources">
<kw name="Go To" library="SeleniumLibrary">
<arg>url=${URL}</arg>
<doc>Navigates the current browser window to the provided ``url``.</doc>
<msg timestamp="20231102 19:47:25.661" level="INFO">Opening url 'https://melhorenvio.com.br/'</msg>
<status status="PASS" starttime="20231102 19:47:25.660" endtime="20231102 19:47:27.641"/>
</kw>
<status status="PASS" starttime="20231102 19:47:25.660" endtime="20231102 19:47:27.641"/>
</kw>
<kw name="verificar se aparecer o botao &quot;Cadastre-se grátis&quot;" library="melhor_envio_resources" sourcename="verificar se aparecer o botao &quot;${CADASTRE_SE_GRATIS}&quot;">
<kw name="Wait Until Element Is Visible" library="SeleniumLibrary">
<arg>locator=(//a[@href='/cadastre-se'][contains(.,'${CADASTRE_SE_GRATIS}')])[1]</arg>
<doc>Waits until the element ``locator`` is visible.</doc>
<status status="PASS" starttime="20231102 19:47:27.642" endtime="20231102 19:47:27.666"/>
</kw>
<kw name="Sleep" library="BuiltIn">
<arg>3</arg>
<doc>Pauses the test executed for the given time.</doc>
<msg timestamp="20231102 19:47:30.667" level="INFO">Slept 3 seconds</msg>
<status status="PASS" starttime="20231102 19:47:27.666" endtime="20231102 19:47:30.667"/>
</kw>
<status status="PASS" starttime="20231102 19:47:27.642" endtime="20231102 19:47:30.667"/>
</kw>
<kw name="Verificar se o titulo da página fica &quot;Melhor Envio | Economize na gestão de fretes&quot;" library="melhor_envio_resources" sourcename="Verificar se o titulo da página fica &quot;${TITULO}&quot;">
<kw name="Title Should Be" library="SeleniumLibrary">
<arg>title=${TITULO}</arg>
<doc>Verifies that the current page title equals ``title``.</doc>
<msg timestamp="20231102 19:47:30.674" level="INFO">Page title is 'Melhor Envio | Economize na gestão de fretes'.</msg>
<status status="PASS" starttime="20231102 19:47:30.667" endtime="20231102 19:47:30.674"/>
</kw>
<status status="PASS" starttime="20231102 19:47:30.667" endtime="20231102 19:47:30.674"/>
</kw>
<status status="PASS" starttime="20231102 19:47:25.660" endtime="20231102 19:47:30.674"/>
</kw>
<kw name="Quando aceitar os &quot;cookies&quot; deve aparecer a tela home normal" library="testes_resources_gherkin">
<kw name="Aceitar os termos de política" library="melhor_envio_resources">
<kw name="Set Variable" library="BuiltIn">
<var>${button_accept}</var>
<arg>//button[@data-cookiefirst-action="accept"]</arg>
<doc>Returns the given values which can then be assigned to a variables.</doc>
<msg timestamp="20231102 19:47:30.675" level="INFO">${button_accept} = //button[@data-cookiefirst-action="accept"]</msg>
<status status="PASS" starttime="20231102 19:47:30.674" endtime="20231102 19:47:30.675"/>
</kw>
<kw name="Wait Until Element Is Visible" library="SeleniumLibrary">
<arg>xpath=${button_accept}</arg>
<doc>Waits until the element ``locator`` is visible.</doc>
<status status="PASS" starttime="20231102 19:47:30.675" endtime="20231102 19:47:30.693"/>
</kw>
<kw name="Click Element" library="SeleniumLibrary">
<arg>locator=${button_accept}</arg>
<doc>Click the element identified by ``locator``.</doc>
<msg timestamp="20231102 19:47:30.693" level="INFO">Clicking element '//button[@data-cookiefirst-action="accept"]'.</msg>
<status status="PASS" starttime="20231102 19:47:30.693" endtime="20231102 19:47:30.735"/>
</kw>
<kw name="Wait Until Element Is Not Visible" library="SeleniumLibrary">
<arg>locator=${button_accept}</arg>
<doc>Waits until the element ``locator`` is not visible.</doc>
<status status="PASS" starttime="20231102 19:47:30.735" endtime="20231102 19:47:31.934"/>
</kw>
<kw name="Sleep" library="BuiltIn">
<arg>3</arg>
<doc>Pauses the test executed for the given time.</doc>
<msg timestamp="20231102 19:47:34.935" level="INFO">Slept 3 seconds</msg>
<status status="PASS" starttime="20231102 19:47:31.934" endtime="20231102 19:47:34.935"/>
</kw>
<status status="PASS" starttime="20231102 19:47:30.674" endtime="20231102 19:47:34.935"/>
</kw>
<status status="PASS" starttime="20231102 19:47:30.674" endtime="20231102 19:47:34.935"/>
</kw>
<kw name="Então verifico se a frase &quot;Calculadora de fretes&quot; está visivel" library="testes_resources_gherkin">
<kw name="Verificar se a frase &quot;Calculadora de fretes&quot; esta visivel" library="melhor_envio_resources" sourcename="Verificar se a frase &quot;${FRASE}&quot; esta visivel">
<kw name="Wait Until Element Is Visible" library="SeleniumLibrary">
<arg>locator=//h2[@class='text--big text-color--primary'][contains(.,'${FRASE}')]</arg>
<doc>Waits until the element ``locator`` is visible.</doc>
<status status="PASS" starttime="20231102 19:47:34.935" endtime="20231102 19:47:34.953"/>
</kw>
<status status="PASS" starttime="20231102 19:47:34.935" endtime="20231102 19:47:34.953"/>
</kw>
<status status="PASS" starttime="20231102 19:47:34.935" endtime="20231102 19:47:34.953"/>
</kw>
<kw name="E preecho o &quot;CEP De Origem&quot; e o &quot;CEP De Destino&quot;" library="testes_resources_gherkin">
<kw name="Clicar no campo de &quot;CEP de origem&quot;" library="melhor_envio_resources" sourcename="Clicar no campo de &quot;${CAMPO_CEP_DE_ORIGEM}&quot;">
<kw name="Click Element" library="SeleniumLibrary">
<arg>locator=//label[@for='from'][contains(.,'${CAMPO_CEP_DE_ORIGEM}')]</arg>
<doc>Click the element identified by ``locator``.</doc>
<msg timestamp="20231102 19:47:34.954" level="INFO">Clicking element '//label[@for='from'][contains(.,'CEP de origem')]'.</msg>
<status status="PASS" starttime="20231102 19:47:34.954" endtime="20231102 19:47:35.018"/>
</kw>
<status status="PASS" starttime="20231102 19:47:34.954" endtime="20231102 19:47:35.018"/>
</kw>
<kw name="escrever o Cep de origem" library="melhor_envio_resources">
<kw name="Input Text" library="SeleniumLibrary">
<arg>locator=from</arg>
<arg>text=${CEP_DE_ORIGEM}</arg>
<doc>Types the given ``text`` into the text field identified by ``locator``.</doc>
<msg timestamp="20231102 19:47:35.018" level="INFO">Typing text '01153000' into text field 'from'.</msg>
<status status="PASS" starttime="20231102 19:47:35.018" endtime="20231102 19:47:35.114"/>
</kw>
<status status="PASS" starttime="20231102 19:47:35.018" endtime="20231102 19:47:35.114"/>
</kw>
<kw name="Clicar no campo &quot;CEP de destino&quot;" library="melhor_envio_resources" sourcename="Clicar no campo &quot;${CAMPO_DE_DESTINO}&quot;">
<kw name="Click Element" library="SeleniumLibrary">
<arg>locator=//label[@for='to'][contains(.,'${CAMPO_DE_DESTINO}')]</arg>
<doc>Click the element identified by ``locator``.</doc>
<msg timestamp="20231102 19:47:35.115" level="INFO">Clicking element '//label[@for='to'][contains(.,'CEP de destino')]'.</msg>
<status status="PASS" starttime="20231102 19:47:35.115" endtime="20231102 19:47:35.203"/>
</kw>
<status status="PASS" starttime="20231102 19:47:35.115" endtime="20231102 19:47:35.203"/>
</kw>
<kw name="Escrever o Cep de destino" library="melhor_envio_resources">
<kw name="Input Text" library="SeleniumLibrary">
<arg>locator=to</arg>
<arg>text=${CEP_DE_DESTINO}</arg>
<doc>Types the given ``text`` into the text field identified by ``locator``.</doc>
<msg timestamp="20231102 19:47:35.204" level="INFO">Typing text '69037591' into text field 'to'.</msg>
<status status="PASS" starttime="20231102 19:47:35.204" endtime="20231102 19:47:35.319"/>
</kw>
<status status="PASS" starttime="20231102 19:47:35.203" endtime="20231102 19:47:35.319"/>
</kw>
<status status="PASS" starttime="20231102 19:47:34.954" endtime="20231102 19:47:35.319"/>
</kw>
<kw name="E preecho o valor da carga" library="testes_resources_gherkin">
<kw name="Escrever o Valor da carga R$100,00" library="melhor_envio_resources">
<kw name="Click Element" library="SeleniumLibrary">
<arg>locator=${CAMPO_VALOR_DA_CARGA}</arg>
<doc>Click the element identified by ``locator``.</doc>
<msg timestamp="20231102 19:47:35.320" level="INFO">Clicking element '//label[@for='insuranceValue'][contains(.,'Valor da carga')]'.</msg>
<status status="PASS" starttime="20231102 19:47:35.320" endtime="20231102 19:47:35.378"/>
</kw>
<kw name="Input Text" library="SeleniumLibrary">
<arg>locator=insuranceValue</arg>
<arg>text=100,00</arg>
<doc>Types the given ``text`` into the text field identified by ``locator``.</doc>
<msg timestamp="20231102 19:47:35.379" level="INFO">Typing text '100,00' into text field 'insuranceValue'.</msg>
<status status="PASS" starttime="20231102 19:47:35.378" endtime="20231102 19:47:35.461"/>
</kw>
<status status="PASS" starttime="20231102 19:47:35.320" endtime="20231102 19:47:35.462"/>
</kw>
<status status="PASS" starttime="20231102 19:47:35.319" endtime="20231102 19:47:35.462"/>
</kw>
<kw name="Quando clico no botao &quot;calcular&quot;" library="testes_resources_gherkin">
<kw name="Clicar no Botao Calcular" library="melhor_envio_resources">
<kw name="Wait Until Element Is Visible" library="SeleniumLibrary">
<arg>locator=//button[@type='submit'][contains(.,'Calcular')]</arg>
<doc>Waits until the element ``locator`` is visible.</doc>
<status status="PASS" starttime="20231102 19:47:35.462" endtime="20231102 19:47:35.482"/>
</kw>
<kw name="Click Element" library="SeleniumLibrary">
<arg>locator=//button[@type='submit'][contains(.,'Calcular')]</arg>
<doc>Click the element identified by ``locator``.</doc>
<msg timestamp="20231102 19:47:35.482" level="INFO">Clicking element '//button[@type='submit'][contains(.,'Calcular')]'.</msg>
<status status="PASS" starttime="20231102 19:47:35.482" endtime="20231102 19:47:35.581"/>
</kw>
<status status="PASS" starttime="20231102 19:47:35.462" endtime="20231102 19:47:35.581"/>
</kw>
<status status="PASS" starttime="20231102 19:47:35.462" endtime="20231102 19:47:35.581"/>
</kw>
<kw name="Entao deve concluir e ir para a página &quot;Calculadora de fretes&quot;" library="testes_resources_gherkin">
<kw name="Deverar ir para a página &quot;Calculadora de fretes&quot;" library="melhor_envio_resources" sourcename="Deverar ir para a página &quot;${FRASE}&quot;">
<kw name="Wait Until Page Contains" library="SeleniumLibrary">
<arg>text=${FRASE}</arg>
<doc>Waits until ``text`` appears on the current page.</doc>
<status status="PASS" starttime="20231102 19:47:35.581" endtime="20231102 19:47:35.602"/>
</kw>
<status status="PASS" starttime="20231102 19:47:35.581" endtime="20231102 19:47:35.602"/>
</kw>
<status status="PASS" starttime="20231102 19:47:35.581" endtime="20231102 19:47:35.602"/>
</kw>
<kw name="Fechar navegador" library="melhor_envio_resources" type="TEARDOWN">
<kw name="Capture Page Screenshot" library="SeleniumLibrary">
<doc>Takes a screenshot of the current page and embeds it into a log file.</doc>
<msg timestamp="20231102 19:47:35.879" level="INFO" html="true">&lt;/td&gt;&lt;/tr&gt;&lt;tr&gt;&lt;td colspan="3"&gt;&lt;a href="selenium-screenshot-3.png"&gt;&lt;img src="selenium-screenshot-3.png" width="800px"&gt;&lt;/a&gt;</msg>
<status status="PASS" starttime="20231102 19:47:35.602" endtime="20231102 19:47:35.879"/>
</kw>
<kw name="Close Browser" library="SeleniumLibrary">
<doc>Closes the current browser.</doc>
<status status="PASS" starttime="20231102 19:47:35.879" endtime="20231102 19:47:38.058"/>
</kw>
<status status="PASS" starttime="20231102 19:47:35.602" endtime="20231102 19:47:38.058"/>
</kw>
<status status="PASS" starttime="20231102 19:47:24.071" endtime="20231102 19:47:38.058"/>
</test>
<doc>Essa suide vai testar o preenchimento do site da melhorenvio usando Gherkin</doc>
<status status="PASS" starttime="20231102 19:46:57.240" endtime="20231102 19:47:38.059"/>
</suite>
<statistics>
<total>
<stat pass="3" fail="0" skip="0">All Tests</stat>
</total>
<tag>
</tag>
<suite>
<stat pass="3" fail="0" skip="0" id="s1" name="Testes Gherkin">Testes Gherkin</stat>
</suite>
</statistics>
<errors>
</errors>
</robot>
