<?xml version="1.0" encoding="UTF-8"?>
<robot generator="Robot 6.1.1 (Python 3.11.3 on win32)" generated="20230815 15:44:48.594" rpa="false" schemaversion="4">
<suite id="s1" name="Melhor Envio Testes" source="C:\Users\joaok\OneDrive\Curso-de-robot\Teste_Page_melhor_envio\melhor_envio_testes.robot">
<test id="s1-t1" name="Caso Teste 01 - Preenche Dados para Envio de frete" line="8">
<kw name="Abrir o navegador" library="melhor_envio_resources" type="SETUP">
<kw name="Open Browser" library="SeleniumLibrary">
<arg>browser=${BROWSER}</arg>
<doc>Opens a new browser instance to the optional ``url``.</doc>
<msg timestamp="20230815 15:44:48.771" level="INFO">Opening browser 'chrome' to base url 'None'.</msg>
<status status="PASS" starttime="20230815 15:44:48.770" endtime="20230815 15:44:49.923"/>
</kw>
<kw name="Maximize Browser Window" library="SeleniumLibrary">
<doc>Maximizes current browser window.</doc>
<status status="PASS" starttime="20230815 15:44:49.923" endtime="20230815 15:44:50.057"/>
</kw>
<status status="PASS" starttime="20230815 15:44:48.770" endtime="20230815 15:44:50.057"/>
</kw>
<kw name="Acessar a home page do site Melhorenvio.com.br" library="melhor_envio_resources">
<kw name="Go To" library="SeleniumLibrary">
<arg>url=${URL}</arg>
<doc>Navigates the current browser window to the provided ``url``.</doc>
<msg timestamp="20230815 15:44:50.058" level="INFO">Opening url 'https://melhorenvio.com.br/'</msg>
<status status="PASS" starttime="20230815 15:44:50.058" endtime="20230815 15:44:54.876"/>
</kw>
<status status="PASS" starttime="20230815 15:44:50.058" endtime="20230815 15:44:54.876"/>
</kw>
<kw name="Verificar se o titulo da página fica &quot;Melhor Envio | Economize na gestão de fretes&quot;" library="melhor_envio_resources" sourcename="Verificar se o titulo da página fica &quot;${TITULO}&quot;">
<kw name="Title Should Be" library="SeleniumLibrary">
<arg>title=${TITULO}</arg>
<doc>Verifies that the current page title equals ``title``.</doc>
<msg timestamp="20230815 15:44:54.895" level="INFO">Page title is 'Melhor Envio | Economize na gestão de fretes'.</msg>
<status status="PASS" starttime="20230815 15:44:54.877" endtime="20230815 15:44:54.895"/>
</kw>
<status status="PASS" starttime="20230815 15:44:54.876" endtime="20230815 15:44:54.895"/>
</kw>
<kw name="Verificar se a frase &quot;Calculadora de fretes&quot; esta visivel" library="melhor_envio_resources" sourcename="Verificar se a frase &quot;${FRASE}&quot; esta visivel">
<kw name="Wait Until Element Is Visible" library="SeleniumLibrary">
<arg>locator=//h2[@class='heading-3'][contains(.,'${FRASE}')]</arg>
<doc>Waits until the element ``locator`` is visible.</doc>
<status status="PASS" starttime="20230815 15:44:54.896" endtime="20230815 15:44:54.927"/>
</kw>
<status status="PASS" starttime="20230815 15:44:54.895" endtime="20230815 15:44:54.927"/>
</kw>
<kw name="Clicar no campo de &quot;CEP de origem&quot;" library="melhor_envio_resources" sourcename="Clicar no campo de &quot;${CAMPO_CEP_DE_ORIGEM}&quot;">
<kw name="Click Element" library="SeleniumLibrary">
<arg>locator=//label[@for='from'][contains(.,'${CAMPO_CEP_DE_ORIGEM}')]</arg>
<doc>Click the element identified by ``locator``.</doc>
<msg timestamp="20230815 15:44:54.928" level="INFO">Clicking element '//label[@for='from'][contains(.,'CEP de origem')]'.</msg>
<msg timestamp="20230815 15:44:56.263" level="INFO" html="true">&lt;/td&gt;&lt;/tr&gt;&lt;tr&gt;&lt;td colspan="3"&gt;&lt;a href="selenium-screenshot-8.png"&gt;&lt;img src="selenium-screenshot-8.png" width="800px"&gt;&lt;/a&gt;</msg>
<msg timestamp="20230815 15:44:56.264" level="FAIL">ElementClickInterceptedException: Message: element click intercepted: Element &lt;label for="from"&gt;...&lt;/label&gt; is not clickable at point (568, 903). Other element would receive the click: &lt;div class="cf26vr cf19Bv"&gt;&lt;/div&gt;
  (Session info: chrome=115.0.5790.171)
Stacktrace:
Backtrace:
	GetHandleVerifier [0x0082A813+48355]
	(No symbol) [0x007BC4B1]
	(No symbol) [0x006C5358]
	(No symbol) [0x006F5062]
	(No symbol) [0x006F3B98]
	(No symbol) [0x006F239B]
	(No symbol) [0x006F179E]
	(No symbol) [0x006E9F5C]
	(No symbol) [0x0070A73C]
	(No symbol) [0x006E9A36]
	(No symbol) [0x0070AA94]
	(No symbol) [0x0071C922]
	(No symbol) [0x0070A536]
	(No symbol) [0x006E82DC]
	(No symbol) [0x006E93DD]
	GetHandleVerifier [0x00A8AABD+2539405]
	GetHandleVerifier [0x00ACA78F+2800735]
	GetHandleVerifier [0x00AC456C+2775612]
	GetHandleVerifier [0x008B51E0+616112]
	(No symbol) [0x007C5F8C]
	(No symbol) [0x007C2328]
	(No symbol) [0x007C240B]
	(No symbol) [0x007B4FF7]
	BaseThreadInitThunk [0x77357D59+25]
	RtlInitializeExceptionChain [0x779FB79B+107]
	RtlClearBits [0x779FB71F+191]
</msg>
<status status="FAIL" starttime="20230815 15:44:54.927" endtime="20230815 15:44:56.286"/>
</kw>
<status status="FAIL" starttime="20230815 15:44:54.927" endtime="20230815 15:44:56.286"/>
</kw>
<kw name="escrever o Cep de origem" library="melhor_envio_resources">
<status status="NOT RUN" starttime="20230815 15:44:56.287" endtime="20230815 15:44:56.287"/>
</kw>
<kw name="Clicar no campo &quot;CEP de destino&quot;" library="melhor_envio_resources" sourcename="Clicar no campo &quot;${CAMPO_DE_DESTINO}&quot;">
<status status="NOT RUN" starttime="20230815 15:44:56.287" endtime="20230815 15:44:56.287"/>
</kw>
<kw name="Escrever o Cep de destino" library="melhor_envio_resources">
<status status="NOT RUN" starttime="20230815 15:44:56.287" endtime="20230815 15:44:56.287"/>
</kw>
<kw name="Escrever o Valor da carga R$100,00" library="melhor_envio_resources">
<status status="NOT RUN" starttime="20230815 15:44:56.287" endtime="20230815 15:44:56.287"/>
</kw>
<kw name="Clicar no botao &quot;CALCULAR&quot;" library="melhor_envio_resources">
<status status="NOT RUN" starttime="20230815 15:44:56.287" endtime="20230815 15:44:56.287"/>
</kw>
<kw name="Deverar ir para a página &quot;Calculadora de fretes&quot;" library="melhor_envio_resources" sourcename="Deverar ir para a página &quot;${FRASE}&quot;">
<status status="NOT RUN" starttime="20230815 15:44:56.287" endtime="20230815 15:44:56.287"/>
</kw>
<kw name="Fechar navegador" library="melhor_envio_resources" type="TEARDOWN">
<kw name="Capture Page Screenshot" library="SeleniumLibrary">
<doc>Takes a screenshot of the current page and embeds it into a log file.</doc>
<msg timestamp="20230815 15:44:56.546" level="INFO" html="true">&lt;/td&gt;&lt;/tr&gt;&lt;tr&gt;&lt;td colspan="3"&gt;&lt;a href="selenium-screenshot-9.png"&gt;&lt;img src="selenium-screenshot-9.png" width="800px"&gt;&lt;/a&gt;</msg>
<status status="PASS" starttime="20230815 15:44:56.288" endtime="20230815 15:44:56.546"/>
</kw>
<kw name="Close Browser" library="SeleniumLibrary">
<doc>Closes the current browser.</doc>
<status status="PASS" starttime="20230815 15:44:56.547" endtime="20230815 15:44:59.698"/>
</kw>
<status status="PASS" starttime="20230815 15:44:56.288" endtime="20230815 15:44:59.698"/>
</kw>
<doc>Esse teste preenche os dados para o frete de um produto</doc>
<tag>preecher_dados de Localização</tag>
<status status="FAIL" starttime="20230815 15:44:48.769" endtime="20230815 15:44:59.699">ElementClickInterceptedException: Message: element click intercepted: Element &lt;label for="from"&gt;...&lt;/label&gt; is not clickable at point (568, 903). Other element would receive the click: &lt;div class="cf26vr cf19Bv"&gt;&lt;/div&gt;
  (Session info: chrome=115.0.5790.171)
Stacktrace:
Backtrace:
	GetHandleVerifier [0x0082A813+48355]
	(No symbol) [0x007BC4B1]
	(No symbol) [0x006C5358]
	(No symbol) [0x006F5062]
	(No symbol) [0x006F3B98]
	(No symbol) [0x006F239B]
	(No symbol) [0x006F179E]
	(No symbol) [0x006E9F5C]
	(No symbol) [0x0070A73C]
	(No symbol) [0x006E9A36]
	(No symbol) [0x0070AA94]
	(No symbol) [0x0071C922]
	(No symbol) [0x0070A536]
	(No symbol) [0x006E82DC]
	(No symbol) [0x006E93DD]
	GetHandleVerifier [0x00A8AABD+2539405]
	GetHandleVerifier [0x00ACA78F+2800735]
	GetHandleVerifier [0x00AC456C+2775612]
	GetHandleVerifier [0x008B51E0+616112]
	(No symbol) [0x007C5F8C]
	(No symbol) [0x007C2328]
	(No symbol) [0x007C240B]
	(No symbol) [0x007B4FF7]
	BaseThreadInitThunk [0x77357D59+25]
	RtlInitializeExceptionChain [0x779FB79B+107]
	RtlClearBits [0x779FB71F+191]
</status>
</test>
<doc>Essa Suite testa o site Melhorenvio.com.br</doc>
<status status="FAIL" starttime="20230815 15:44:48.595" endtime="20230815 15:44:59.702"/>
</suite>
<statistics>
<total>
<stat pass="0" fail="1" skip="0">All Tests</stat>
</total>
<tag>
<stat pass="0" fail="1" skip="0">preecher_dados de Localização</stat>
</tag>
<suite>
<stat pass="0" fail="1" skip="0" id="s1" name="Melhor Envio Testes">Melhor Envio Testes</stat>
</suite>
</statistics>
<errors>
</errors>
</robot>
